{"/home/ruiming/Desktop/rss/config/config.js":{"path":"/home/ruiming/Desktop/rss/config/config.js","s":{"1":1,"2":1,"3":1,"4":1,"5":1,"6":1,"7":1},"b":{"1":[0,1],"2":[1,1]},"f":{"1":1},"fnMap":{"1":{"name":"_interopRequireDefault","line":0,"loc":{"start":{"line":0,"column":0},"end":{"line":0,"column":0}},"skip":true}},"statementMap":{"1":{"start":{"line":1,"column":0},"end":{"line":null,"column":null}},"2":{"start":{"line":0,"column":0},"end":{"line":0,"column":0},"skip":true},"3":{"start":{"line":0,"column":0},"end":{"line":0,"column":0},"skip":true},"4":{"start":{"line":0,"column":0},"end":{"line":0,"column":0},"skip":true},"5":{"start":{"line":3,"column":0},"end":{"line":null,"column":null}},"6":{"start":{"line":4,"column":0},"end":{"line":null,"column":null}},"7":{"start":{"line":6,"column":0},"end":{"line":null,"column":null}}},"branchMap":{"1":{"line":0,"type":"cond-expr","locations":[{"start":{"line":0,"column":0},"end":{"line":0,"column":0},"skip":true},{"start":{"line":0,"column":0},"end":{"line":0,"column":0},"skip":true}]},"2":{"line":0,"type":"binary-expr","locations":[{"start":{"line":0,"column":0},"end":{"line":0,"column":0},"skip":true},{"start":{"line":0,"column":0},"end":{"line":0,"column":0},"skip":true}]}}},"/home/ruiming/Desktop/rss/models/feed.js":{"path":"/home/ruiming/Desktop/rss/models/feed.js","s":{"1":1,"2":1,"3":1,"4":1,"5":1,"6":1,"7":1,"8":1},"b":{"1":[0,1],"2":[1,1]},"f":{"1":1},"fnMap":{"1":{"name":"_interopRequireDefault","line":0,"loc":{"start":{"line":0,"column":0},"end":{"line":0,"column":0}},"skip":true}},"statementMap":{"1":{"start":{"line":1,"column":0},"end":{"line":null,"column":null}},"2":{"start":{"line":0,"column":0},"end":{"line":0,"column":0},"skip":true},"3":{"start":{"line":0,"column":0},"end":{"line":0,"column":0},"skip":true},"4":{"start":{"line":0,"column":0},"end":{"line":0,"column":0},"skip":true},"5":{"start":{"line":2,"column":0},"end":{"line":null,"column":null}},"6":{"start":{"line":6,"column":0},"end":{"line":null,"column":null}},"7":{"start":{"line":31,"column":0},"end":{"line":null,"column":null}},"8":{"start":{"line":33,"column":0},"end":{"line":null,"column":null}}},"branchMap":{"1":{"line":0,"type":"cond-expr","locations":[{"start":{"line":0,"column":0},"end":{"line":0,"column":0},"skip":true},{"start":{"line":0,"column":0},"end":{"line":0,"column":0},"skip":true}]},"2":{"line":0,"type":"binary-expr","locations":[{"start":{"line":0,"column":0},"end":{"line":0,"column":0},"skip":true},{"start":{"line":0,"column":0},"end":{"line":0,"column":0},"skip":true}]}}},"/home/ruiming/Desktop/rss/models/post.js":{"path":"/home/ruiming/Desktop/rss/models/post.js","s":{"1":1,"2":1,"3":1,"4":1,"5":1,"6":1,"7":1,"8":1},"b":{"1":[0,1],"2":[1,1]},"f":{"1":1},"fnMap":{"1":{"name":"_interopRequireDefault","line":0,"loc":{"start":{"line":0,"column":0},"end":{"line":0,"column":0}},"skip":true}},"statementMap":{"1":{"start":{"line":1,"column":0},"end":{"line":null,"column":null}},"2":{"start":{"line":0,"column":0},"end":{"line":0,"column":0},"skip":true},"3":{"start":{"line":0,"column":0},"end":{"line":0,"column":0},"skip":true},"4":{"start":{"line":0,"column":0},"end":{"line":0,"column":0},"skip":true},"5":{"start":{"line":2,"column":0},"end":{"line":null,"column":null}},"6":{"start":{"line":6,"column":0},"end":{"line":null,"column":null}},"7":{"start":{"line":24,"column":0},"end":{"line":null,"column":null}},"8":{"start":{"line":26,"column":0},"end":{"line":null,"column":null}}},"branchMap":{"1":{"line":0,"type":"cond-expr","locations":[{"start":{"line":0,"column":0},"end":{"line":0,"column":0},"skip":true},{"start":{"line":0,"column":0},"end":{"line":0,"column":0},"skip":true}]},"2":{"line":0,"type":"binary-expr","locations":[{"start":{"line":0,"column":0},"end":{"line":0,"column":0},"skip":true},{"start":{"line":0,"column":0},"end":{"line":0,"column":0},"skip":true}]}}},"/home/ruiming/Desktop/rss/models/user.js":{"path":"/home/ruiming/Desktop/rss/models/user.js","s":{"1":1,"2":1,"3":1,"4":1,"5":1,"6":1,"7":1,"8":1},"b":{"1":[0,1],"2":[1,1]},"f":{"1":1},"fnMap":{"1":{"name":"_interopRequireDefault","line":0,"loc":{"start":{"line":0,"column":0},"end":{"line":0,"column":0}},"skip":true}},"statementMap":{"1":{"start":{"line":1,"column":0},"end":{"line":null,"column":null}},"2":{"start":{"line":0,"column":0},"end":{"line":0,"column":0},"skip":true},"3":{"start":{"line":0,"column":0},"end":{"line":0,"column":0},"skip":true},"4":{"start":{"line":0,"column":0},"end":{"line":0,"column":0},"skip":true},"5":{"start":{"line":2,"column":0},"end":{"line":null,"column":null}},"6":{"start":{"line":6,"column":0},"end":{"line":null,"column":null}},"7":{"start":{"line":14,"column":0},"end":{"line":null,"column":null}},"8":{"start":{"line":16,"column":0},"end":{"line":null,"column":null}}},"branchMap":{"1":{"line":0,"type":"cond-expr","locations":[{"start":{"line":0,"column":0},"end":{"line":0,"column":0},"skip":true},{"start":{"line":0,"column":0},"end":{"line":0,"column":0},"skip":true}]},"2":{"line":0,"type":"binary-expr","locations":[{"start":{"line":0,"column":0},"end":{"line":0,"column":0},"skip":true},{"start":{"line":0,"column":0},"end":{"line":0,"column":0},"skip":true}]}}},"/home/ruiming/Desktop/rss/models/userFeed.js":{"path":"/home/ruiming/Desktop/rss/models/userFeed.js","s":{"1":1,"2":1,"3":1,"4":1,"5":1,"6":1,"7":1,"8":1},"b":{"1":[0,1],"2":[1,1]},"f":{"1":1},"fnMap":{"1":{"name":"_interopRequireDefault","line":0,"loc":{"start":{"line":0,"column":0},"end":{"line":0,"column":0}},"skip":true}},"statementMap":{"1":{"start":{"line":1,"column":0},"end":{"line":null,"column":null}},"2":{"start":{"line":0,"column":0},"end":{"line":0,"column":0},"skip":true},"3":{"start":{"line":0,"column":0},"end":{"line":0,"column":0},"skip":true},"4":{"start":{"line":0,"column":0},"end":{"line":0,"column":0},"skip":true},"5":{"start":{"line":2,"column":0},"end":{"line":null,"column":null}},"6":{"start":{"line":6,"column":0},"end":{"line":null,"column":null}},"7":{"start":{"line":18,"column":0},"end":{"line":null,"column":null}},"8":{"start":{"line":20,"column":0},"end":{"line":null,"column":null}}},"branchMap":{"1":{"line":0,"type":"cond-expr","locations":[{"start":{"line":0,"column":0},"end":{"line":0,"column":0},"skip":true},{"start":{"line":0,"column":0},"end":{"line":0,"column":0},"skip":true}]},"2":{"line":0,"type":"binary-expr","locations":[{"start":{"line":0,"column":0},"end":{"line":0,"column":0},"skip":true},{"start":{"line":0,"column":0},"end":{"line":0,"column":0},"skip":true}]}}},"/home/ruiming/Desktop/rss/models/userPost.js":{"path":"/home/ruiming/Desktop/rss/models/userPost.js","s":{"1":1,"2":1,"3":1,"4":1,"5":1,"6":1,"7":1,"8":1},"b":{"1":[0,1],"2":[1,1]},"f":{"1":1},"fnMap":{"1":{"name":"_interopRequireDefault","line":0,"loc":{"start":{"line":0,"column":0},"end":{"line":0,"column":0}},"skip":true}},"statementMap":{"1":{"start":{"line":1,"column":0},"end":{"line":null,"column":null}},"2":{"start":{"line":0,"column":0},"end":{"line":0,"column":0},"skip":true},"3":{"start":{"line":0,"column":0},"end":{"line":0,"column":0},"skip":true},"4":{"start":{"line":0,"column":0},"end":{"line":0,"column":0},"skip":true},"5":{"start":{"line":2,"column":0},"end":{"line":null,"column":null}},"6":{"start":{"line":6,"column":0},"end":{"line":null,"column":null}},"7":{"start":{"line":20,"column":0},"end":{"line":null,"column":null}},"8":{"start":{"line":22,"column":0},"end":{"line":null,"column":null}}},"branchMap":{"1":{"line":0,"type":"cond-expr","locations":[{"start":{"line":0,"column":0},"end":{"line":0,"column":0},"skip":true},{"start":{"line":0,"column":0},"end":{"line":0,"column":0},"skip":true}]},"2":{"line":0,"type":"binary-expr","locations":[{"start":{"line":0,"column":0},"end":{"line":0,"column":0},"skip":true},{"start":{"line":0,"column":0},"end":{"line":0,"column":0},"skip":true}]}}}}