TN:
SF:/home/ruiming/Desktop/rss/config/config.js
FNF:0
FNH:0
DA:1,1
DA:3,1
DA:4,1
DA:6,1
LF:4
LH:4
BRF:0
BRH:0
end_of_record
TN:
SF:/home/ruiming/Desktop/rss/models/feed.js
FNF:0
FNH:0
DA:1,1
DA:2,1
DA:6,1
DA:31,1
DA:33,1
LF:5
LH:5
BRF:0
BRH:0
end_of_record
TN:
SF:/home/ruiming/Desktop/rss/models/post.js
FNF:0
FNH:0
DA:1,1
DA:2,1
DA:6,1
DA:24,1
DA:26,1
LF:5
LH:5
BRF:0
BRH:0
end_of_record
TN:
SF:/home/ruiming/Desktop/rss/models/user.js
FNF:0
FNH:0
DA:1,1
DA:2,1
DA:6,1
DA:14,1
DA:16,1
LF:5
LH:5
BRF:0
BRH:0
end_of_record
TN:
SF:/home/ruiming/Desktop/rss/models/userFeed.js
FNF:0
FNH:0
DA:1,1
DA:2,1
DA:6,1
DA:18,1
DA:20,1
LF:5
LH:5
BRF:0
BRH:0
end_of_record
TN:
SF:/home/ruiming/Desktop/rss/models/userPost.js
FNF:0
FNH:0
DA:1,1
DA:2,1
DA:6,1
DA:20,1
DA:22,1
LF:5
LH:5
BRF:0
BRH:0
end_of_record
